  SceneMgr.cpp
c:\users\cyh\documents\github\gse_choiyongho_1_2015180041\simplegame\simplegame\dependencies\freeglut_std.h(207): warning C4005: 'GLUT_BITMAP_TIMES_ROMAN_10': 매크로 재정의
  c:\users\cyh\documents\github\gse_choiyongho_1_2015180041\simplegame\simplegame\stdafx.h(18): note: 'GLUT_BITMAP_TIMES_ROMAN_10'의 이전 정의를 참조하십시오.
c:\users\cyh\documents\github\gse_choiyongho_1_2015180041\simplegame\simplegame\dependencies\freeglut_std.h(208): warning C4005: 'GLUT_BITMAP_TIMES_ROMAN_24': 매크로 재정의
  c:\users\cyh\documents\github\gse_choiyongho_1_2015180041\simplegame\simplegame\stdafx.h(19): note: 'GLUT_BITMAP_TIMES_ROMAN_24'의 이전 정의를 참조하십시오.
c:\users\cyh\documents\github\gse_choiyongho_1_2015180041\simplegame\simplegame\dependencies\freeglut_std.h(209): warning C4005: 'GLUT_BITMAP_HELVETICA_10': 매크로 재정의
  c:\users\cyh\documents\github\gse_choiyongho_1_2015180041\simplegame\simplegame\stdafx.h(20): note: 'GLUT_BITMAP_HELVETICA_10'의 이전 정의를 참조하십시오.
c:\users\cyh\documents\github\gse_choiyongho_1_2015180041\simplegame\simplegame\dependencies\freeglut_std.h(210): warning C4005: 'GLUT_BITMAP_HELVETICA_12': 매크로 재정의
  c:\users\cyh\documents\github\gse_choiyongho_1_2015180041\simplegame\simplegame\stdafx.h(21): note: 'GLUT_BITMAP_HELVETICA_12'의 이전 정의를 참조하십시오.
c:\users\cyh\documents\github\gse_choiyongho_1_2015180041\simplegame\simplegame\dependencies\freeglut_std.h(211): warning C4005: 'GLUT_BITMAP_HELVETICA_18': 매크로 재정의
  c:\users\cyh\documents\github\gse_choiyongho_1_2015180041\simplegame\simplegame\stdafx.h(22): note: 'GLUT_BITMAP_HELVETICA_18'의 이전 정의를 참조하십시오.
c:\users\cyh\documents\github\gse_choiyongho_1_2015180041\simplegame\simplegame\scenemgr.cpp(219): warning C4244: '인수': 'int'에서 'float'(으)로 변환하면서 데이터가 손실될 수 있습니다.
c:\users\cyh\documents\github\gse_choiyongho_1_2015180041\simplegame\simplegame\scenemgr.cpp(454): warning C4244: '인수': 'int'에서 'float'(으)로 변환하면서 데이터가 손실될 수 있습니다.
c:\users\cyh\documents\github\gse_choiyongho_1_2015180041\simplegame\simplegame\scenemgr.cpp(470): warning C4244: '인수': 'int'에서 'float'(으)로 변환하면서 데이터가 손실될 수 있습니다.
c:\users\cyh\documents\github\gse_choiyongho_1_2015180041\simplegame\simplegame\scenemgr.cpp(498): warning C4305: '인수': 'double'에서 'float'(으)로 잘립니다.
c:\users\cyh\documents\github\gse_choiyongho_1_2015180041\simplegame\simplegame\scenemgr.cpp(417): warning C4101: 'fColor' :참조되지 않은 지역 변수입니다.
  코드를 생성하고 있습니다...
  컴파일하고 있습니다...
  SimpleGame.cpp
c:\users\cyh\documents\github\gse_choiyongho_1_2015180041\simplegame\simplegame\dependencies\freeglut_std.h(207): warning C4005: 'GLUT_BITMAP_TIMES_ROMAN_10': 매크로 재정의
  c:\users\cyh\documents\github\gse_choiyongho_1_2015180041\simplegame\simplegame\stdafx.h(18): note: 'GLUT_BITMAP_TIMES_ROMAN_10'의 이전 정의를 참조하십시오.
c:\users\cyh\documents\github\gse_choiyongho_1_2015180041\simplegame\simplegame\dependencies\freeglut_std.h(208): warning C4005: 'GLUT_BITMAP_TIMES_ROMAN_24': 매크로 재정의
  c:\users\cyh\documents\github\gse_choiyongho_1_2015180041\simplegame\simplegame\stdafx.h(19): note: 'GLUT_BITMAP_TIMES_ROMAN_24'의 이전 정의를 참조하십시오.
c:\users\cyh\documents\github\gse_choiyongho_1_2015180041\simplegame\simplegame\dependencies\freeglut_std.h(209): warning C4005: 'GLUT_BITMAP_HELVETICA_10': 매크로 재정의
  c:\users\cyh\documents\github\gse_choiyongho_1_2015180041\simplegame\simplegame\stdafx.h(20): note: 'GLUT_BITMAP_HELVETICA_10'의 이전 정의를 참조하십시오.
c:\users\cyh\documents\github\gse_choiyongho_1_2015180041\simplegame\simplegame\dependencies\freeglut_std.h(210): warning C4005: 'GLUT_BITMAP_HELVETICA_12': 매크로 재정의
  c:\users\cyh\documents\github\gse_choiyongho_1_2015180041\simplegame\simplegame\stdafx.h(21): note: 'GLUT_BITMAP_HELVETICA_12'의 이전 정의를 참조하십시오.
c:\users\cyh\documents\github\gse_choiyongho_1_2015180041\simplegame\simplegame\dependencies\freeglut_std.h(211): warning C4005: 'GLUT_BITMAP_HELVETICA_18': 매크로 재정의
  c:\users\cyh\documents\github\gse_choiyongho_1_2015180041\simplegame\simplegame\stdafx.h(22): note: 'GLUT_BITMAP_HELVETICA_18'의 이전 정의를 참조하십시오.
c:\users\cyh\documents\github\gse_choiyongho_1_2015180041\simplegame\simplegame\simplegame.cpp(61): warning C4244: '인수': 'int'에서 'float'(으)로 변환하면서 데이터가 손실될 수 있습니다.
c:\users\cyh\documents\github\gse_choiyongho_1_2015180041\simplegame\simplegame\simplegame.cpp(79): warning C4244: '인수': 'time_t'에서 'unsigned int'(으)로 변환하면서 데이터가 손실될 수 있습니다.
  코드를 생성하고 있습니다...
  SimpleGame.vcxproj -> C:\Users\CYH\Documents\GitHub\GSE_CHOIYONGHO_1_2015180041\SimpleGame\x64\Debug\SimpleGame.exe
